{"code":"ENOTDIR","errno":-4052,"level":"error","path":"C:\\Users\\USER\\Desktop\\файловая система\\src\\data\\undefined","syscall":"scandir","timestamp":"2024-01-14T20:37:13.486Z"}
{"code":"ENOTDIR","errno":-4052,"level":"error","path":"C:\\Users\\USER\\Desktop\\файловая система\\src\\data\\undefined","syscall":"scandir","timestamp":"2024-01-14T20:38:22.516Z"}
{"code":"ENOTDIR","errno":-4052,"level":"error","path":"C:\\Users\\USER\\Desktop\\файловая система\\src\\data\\undefined","syscall":"scandir","timestamp":"2024-01-14T20:41:58.096Z"}
{"level":"error","timestamp":"2024-01-14T21:06:17.422Z"}
{"code":"ENOTDIR","errno":-4052,"level":"error","path":"C:\\Users\\USER\\Desktop\\файловая система\\src\\data\\undefined","syscall":"scandir","timestamp":"2024-01-15T05:21:31.235Z"}
{"code":"ENOTDIR","errno":-4052,"level":"error","path":"C:\\Users\\USER\\Desktop\\файловая система\\src\\data\\undefined","syscall":"scandir","timestamp":"2024-01-15T05:22:25.298Z"}
{"code":"ENOTDIR","errno":-4052,"level":"error","path":"C:\\Users\\USER\\Desktop\\файловая система\\src\\data\\undefined","syscall":"scandir","timestamp":"2024-01-15T05:36:24.399Z"}
{"code":"ENOTDIR","errno":-4052,"level":"error","path":"C:\\Users\\USER\\Desktop\\файловая система\\src\\data\\undefined","syscall":"scandir","timestamp":"2024-01-15T05:37:13.357Z"}
{"code":"ENOTDIR","errno":-4052,"level":"error","path":"C:\\Users\\USER\\Desktop\\файловая система\\src\\data\\undefined","syscall":"scandir","timestamp":"2024-01-15T05:37:16.784Z"}
{"code":"ENOTDIR","errno":-4052,"level":"error","path":"C:\\Users\\USER\\Desktop\\файловая система\\src\\data\\undefined","syscall":"scandir","timestamp":"2024-01-15T05:38:57.421Z"}
{"code":"ENOTDIR","errno":-4052,"level":"error","path":"C:\\Users\\USER\\Desktop\\файловая система\\src\\data\\undefined","syscall":"scandir","timestamp":"2024-01-15T05:52:59.313Z"}
{"code":"ENOTDIR","errno":-4052,"level":"error","path":"C:\\Users\\USER\\Desktop\\файловая система\\src\\data\\undefined","syscall":"scandir","timestamp":"2024-01-15T05:57:14.469Z"}
{"code":"ENOTDIR","errno":-4052,"level":"error","path":"C:\\Users\\USER\\Desktop\\файловая система\\src\\data\\undefined","syscall":"scandir","timestamp":"2024-01-15T06:01:14.973Z"}
{"code":"ENOTDIR","errno":-4052,"level":"error","path":"C:\\Users\\USER\\Desktop\\файловая система\\src\\data\\undefined","syscall":"scandir","timestamp":"2024-01-15T06:09:59.514Z"}
{"code":"ENOTDIR","errno":-4052,"level":"error","path":"C:\\Users\\USER\\Desktop\\файловая система\\src\\data\\undefined","syscall":"scandir","timestamp":"2024-01-15T06:16:05.955Z"}
{"code":"ENOTDIR","errno":-4052,"level":"error","path":"C:\\Users\\USER\\Desktop\\файловая система\\src\\data\\undefined","syscall":"scandir","timestamp":"2024-01-15T06:16:53.068Z"}
{"code":"ENOTDIR","errno":-4052,"level":"error","path":"C:\\Users\\USER\\Desktop\\файловая система\\src\\data\\undefined","syscall":"scandir","timestamp":"2024-01-15T06:28:42.463Z"}
{"code":"ENOTDIR","errno":-4052,"level":"error","path":"C:\\Users\\USER\\Desktop\\файловая система\\src\\data\\undefined","syscall":"scandir","timestamp":"2024-01-15T06:37:29.579Z"}
{"code":"ENOTDIR","errno":-4052,"level":"error","path":"C:\\Users\\USER\\Desktop\\файловая система\\src\\data\\undefined","syscall":"scandir","timestamp":"2024-01-15T06:46:41.133Z"}
{"code":"ENOENT","errno":-4058,"level":"error","path":"C:\\Users\\USER\\Desktop\\файловая система\\src\\data\\undefined","syscall":"open","timestamp":"2024-01-15T09:08:06.163Z"}
{"code":"ENOENT","errno":-4058,"level":"error","path":"C:\\Users\\USER\\Desktop\\файловая система\\src\\data\\undefined","syscall":"open","timestamp":"2024-01-15T09:14:06.926Z"}
{"level":"error","timestamp":"2024-01-15T09:23:54.471Z"}
{"level":"error","timestamp":"2024-01-15T09:24:33.750Z"}
{"level":"error","timestamp":"2024-01-15T09:25:00.152Z"}
{"level":"error","timestamp":"2024-01-15T10:14:06.332Z"}
{"code":"ENOTDIR","errno":-4052,"level":"error","path":"C:\\Users\\USER\\Desktop\\файловая система\\src\\data\\65a50662e02d637bef5dcb07","syscall":"scandir","timestamp":"2024-01-15T10:18:10.596Z"}
{"code":"ENOTDIR","errno":-4052,"level":"error","path":"C:\\Users\\USER\\Desktop\\файловая система\\src\\data\\65a50679e02d637bef5dcb09","syscall":"scandir","timestamp":"2024-01-15T10:18:33.889Z"}
{"code":"ENOTDIR","errno":-4052,"level":"error","path":"C:\\Users\\USER\\Desktop\\файловая система\\src\\data\\65a50691e02d637bef5dcb0b","syscall":"scandir","timestamp":"2024-01-15T10:18:57.970Z"}
{"code":"ENOTDIR","errno":-4052,"level":"error","path":"C:\\Users\\USER\\Desktop\\файловая система\\src\\data\\65a506aae02d637bef5dcb0d","syscall":"scandir","timestamp":"2024-01-15T10:19:22.085Z"}
{"code":"ENOTDIR","errno":-4052,"level":"error","path":"C:\\Users\\USER\\Desktop\\файловая система\\src\\data\\65a50757d70f104502046207","syscall":"scandir","timestamp":"2024-01-15T10:22:15.569Z"}
{"code":"ENOTDIR","errno":-4052,"level":"error","path":"C:\\Users\\USER\\Desktop\\файловая система\\src\\data\\65a5091f4fbefe770b54ec3e","syscall":"scandir","timestamp":"2024-01-15T10:29:51.670Z"}
{"code":"ENOTDIR","errno":-4052,"level":"error","path":"C:\\Users\\USER\\Desktop\\файловая система\\src\\data\\65a50eb6a82a6063d73e3afb","syscall":"scandir","timestamp":"2024-01-15T10:53:42.837Z"}
{"code":"ENOTDIR","errno":-4052,"level":"error","path":"C:\\Users\\USER\\Desktop\\файловая система\\src\\data\\65a51768a70e4a999d5d72eb","syscall":"scandir","timestamp":"2024-01-15T11:30:48.848Z"}
{"code":"ENOTDIR","errno":-4052,"level":"error","path":"C:\\Users\\USER\\Desktop\\файловая система\\src\\data\\65a51ba783dddcb0d448113b","syscall":"scandir","timestamp":"2024-01-15T11:48:55.655Z"}
{"code":"ENOTDIR","errno":-4052,"level":"error","path":"C:\\Users\\USER\\Desktop\\файловая система\\src\\data\\65a59e2baa51f77f4b586b58","syscall":"scandir","timestamp":"2024-01-15T21:05:47.959Z"}
{"code":"ENOTDIR","errno":-4052,"level":"error","path":"C:\\Users\\USER\\Desktop\\файловая система\\src\\data\\65a60dcd68b62e7e7357e20e","syscall":"scandir","timestamp":"2024-01-16T05:02:05.885Z"}
{"code":"ENOTDIR","errno":-4052,"level":"error","path":"C:\\Users\\USER\\Desktop\\файловая система\\src\\data\\65a60e0868b62e7e7357e210","syscall":"scandir","timestamp":"2024-01-16T05:03:04.851Z"}
{"code":"ENOTDIR","errno":-4052,"level":"error","path":"C:\\Users\\USER\\Desktop\\файловая система\\src\\data\\65a60e3b68b62e7e7357e212","syscall":"scandir","timestamp":"2024-01-16T05:03:55.910Z"}
{"code":"ENOTDIR","errno":-4052,"level":"error","path":"C:\\Users\\USER\\Desktop\\файловая система\\src\\data\\65a6119204b566e7e7292f96","syscall":"scandir","timestamp":"2024-01-16T05:18:10.455Z"}
{"code":"ENOTDIR","errno":-4052,"level":"error","path":"C:\\Users\\USER\\Desktop\\файловая система\\src\\data\\65a636d9a26de6037057b4ef","syscall":"scandir","timestamp":"2024-01-16T07:57:13.732Z"}
{"level":"info","message":"End writing the file (data directory size 270135 bytes)","timestamp":"2024-01-16T08:15:57.204Z"}
